<?xml version="1.0" encoding="UTF-8"?>
<!-- Generated by org.testng.reporters.JUnitReportReporter -->
<testsuite hostname="DESKTOP-A93J1VV" name="Runner.HealthcareApp" tests="5" failures="0" timestamp="29 Oct 2021 12:23:42 GMT" time="84.203" errors="0">
  <testcase name="setdriver" time="5.297" classname="Runner.HealthcareApp"/>
  <testcase name="openwebsite" time="22.265" classname="Runner.HealthcareApp"/>
  <testcase name="bookapp" time="30.942" classname="Runner.HealthcareApp"/>
  <testcase name="bookavailableservice" time="17.243" classname="Runner.HealthcareApp"/>
  <testcase name="contactus" time="8.456" classname="Runner.HealthcareApp"/>
</testsuite> <!-- Runner.HealthcareApp -->
